<?xml version="1.0" encoding="UTF-8" ?>
<testsuite tests="42" failures="0" name="com.iota.iri.controllers.TransactionViewModelTest" time="0.069" errors="0" skipped="0">
  <properties>
    <property name="java.runtime.name" value="Java(TM) SE Runtime Environment"/>
    <property name="sun.boot.library.path" value="C:\Program Files\Java\jdk1.8.0_25\jre\bin"/>
    <property name="java.vm.version" value="25.25-b02"/>
    <property name="java.vm.vendor" value="Oracle Corporation"/>
    <property name="maven.multiModuleProjectDirectory" value="C:\Users\Abhishek\Documents\BE\7th sem\IOT\Project\iri"/>
    <property name="java.vendor.url" value="http://java.oracle.com/"/>
    <property name="path.separator" value=";"/>
    <property name="guice.disable.misplaced.annotation.check" value="true"/>
    <property name="java.vm.name" value="Java HotSpot(TM) 64-Bit Server VM"/>
    <property name="file.encoding.pkg" value="sun.io"/>
    <property name="user.script" value=""/>
    <property name="user.country" value="IN"/>
    <property name="sun.java.launcher" value="SUN_STANDARD"/>
    <property name="sun.os.patch.level" value=""/>
    <property name="java.vm.specification.name" value="Java Virtual Machine Specification"/>
    <property name="user.dir" value="C:\Users\Abhishek\Documents\BE\7th sem\IOT\Project\iri"/>
    <property name="java.runtime.version" value="1.8.0_25-b18"/>
    <property name="java.awt.graphicsenv" value="sun.awt.Win32GraphicsEnvironment"/>
    <property name="java.endorsed.dirs" value="C:\Program Files\Java\jdk1.8.0_25\jre\lib\endorsed"/>
    <property name="os.arch" value="amd64"/>
    <property name="java.io.tmpdir" value="C:\Users\Abhishek\AppData\Local\Temp\"/>
    <property name="line.separator" value="
"/>
    <property name="java.vm.specification.vendor" value="Oracle Corporation"/>
    <property name="user.variant" value=""/>
    <property name="os.name" value="Windows 8.1"/>
    <property name="classworlds.conf" value="D:\Maven\apache-maven-3.5.0\bin\..\bin\m2.conf"/>
    <property name="sun.jnu.encoding" value="Cp1252"/>
    <property name="java.library.path" value="C:\Program Files\Java\jdk1.8.0_25\bin;C:\WINDOWS\Sun\Java\bin;C:\WINDOWS\system32;C:\WINDOWS;C:\ProgramData\Oracle\Java\javapath;C:\Program Files (x86)\Java\jdk1.8.0_51\bin;c:\Program Files (x86)\Intel\iCLS Client\;c:\Program Files\Intel\iCLS Client\;C:\WINDOWS\system32;C:\WINDOWS;C:\WINDOWS\System32\Wbem;C:\WINDOWS\System32\WindowsPowerShell\v1.0\;C:\Program Files\Intel\WiFi\bin\;C:\Program Files\Common Files\Intel\WirelessCommon\;C:\Program Files (x86)\Windows Live\Shared;C:\TDM-GCC-64\bin;C:\Program Files (x86)\Intel\Intel(R) Management Engine Components\DAL;C:\Program Files\Intel\Intel(R) Management Engine Components\DAL;C:\Program Files (x86)\Intel\Intel(R) Management Engine Components\IPT;C:\Program Files\Intel\Intel(R) Management Engine Components\IPT;C:\Program Files\Microsoft SQL Server\130\Tools\Binn\;C:\Program Files\Git\cmd;C:\Program Files\nodejs\;C:\Program Files\Microsoft\Web Platform Installer\;C:\Program Files\dotnet\;C:\Program Files (x86)\Windows Kits\10\Windows Performance Toolkit\;C:\Users\Abhishek\AppData\Local\Programs\Python\Python36\Scripts\;C:\Users\Abhishek\AppData\Local\Programs\Python\Python36\;C:\Users\Abhishek\AppData\Local\Programs\Python\Launcher\;C:\RailsInstaller\Git\cmd;C:\RailsInstaller\Ruby2.2.0\bin;C:\Users\Abhishek\.dnx\runtimes\dnx-clr-win-x86.1.0.0-rc1-update2\bin;C:\Users\Abhishek\.dnx\bin;C:\Program Files (x86)\Java\jdk1.8.0_51\bin;C:\Program Files (x86)\Curl;C:\Python27;C:\Users\Abhishek\AppData\Roaming\npm;C:\Windows\Microsoft.NET\Framework\v4.0.30319;C:\Program Files\Microsoft Visual Studio 8\SDK\v2.0\Bin;C:\Users\Abhishek\AppData\Local\Microsoft\WindowsApps;C:\Program Files\MongoDB\Server\3.4\bin;C:\nginx\nginx-1.11.10;C:\Python27\Scripts;C:\Program Files\Microsoft VS Code\bin;D:\Maven\apache-maven-3.5.0\bin;;."/>
    <property name="maven.conf" value="D:\Maven\apache-maven-3.5.0\bin\../conf"/>
    <property name="java.specification.name" value="Java Platform API Specification"/>
    <property name="java.class.version" value="52.0"/>
    <property name="sun.management.compiler" value="HotSpot 64-Bit Tiered Compilers"/>
    <property name="os.version" value="6.3"/>
    <property name="library.jansi.path" value="D:\Maven\apache-maven-3.5.0\bin\..\lib\jansi-native\windows64"/>
    <property name="user.home" value="C:\Users\Abhishek"/>
    <property name="user.timezone" value="Asia/Calcutta"/>
    <property name="java.awt.printerjob" value="sun.awt.windows.WPrinterJob"/>
    <property name="java.specification.version" value="1.8"/>
    <property name="file.encoding" value="Cp1252"/>
    <property name="user.name" value="Abhishek"/>
    <property name="java.class.path" value="D:\Maven\apache-maven-3.5.0\bin\..\boot\plexus-classworlds-2.5.2.jar"/>
    <property name="java.vm.specification.version" value="1.8"/>
    <property name="sun.arch.data.model" value="64"/>
    <property name="java.home" value="C:\Program Files\Java\jdk1.8.0_25\jre"/>
    <property name="sun.java.command" value="org.codehaus.plexus.classworlds.launcher.Launcher package"/>
    <property name="java.specification.vendor" value="Oracle Corporation"/>
    <property name="user.language" value="en"/>
    <property name="awt.toolkit" value="sun.awt.windows.WToolkit"/>
    <property name="java.vm.info" value="mixed mode"/>
    <property name="java.version" value="1.8.0_25"/>
    <property name="java.ext.dirs" value="C:\Program Files\Java\jdk1.8.0_25\jre\lib\ext;C:\WINDOWS\Sun\Java\lib\ext"/>
    <property name="sun.boot.class.path" value="C:\Program Files\Java\jdk1.8.0_25\jre\lib\resources.jar;C:\Program Files\Java\jdk1.8.0_25\jre\lib\rt.jar;C:\Program Files\Java\jdk1.8.0_25\jre\lib\sunrsasign.jar;C:\Program Files\Java\jdk1.8.0_25\jre\lib\jsse.jar;C:\Program Files\Java\jdk1.8.0_25\jre\lib\jce.jar;C:\Program Files\Java\jdk1.8.0_25\jre\lib\charsets.jar;C:\Program Files\Java\jdk1.8.0_25\jre\lib\jfr.jar;C:\Program Files\Java\jdk1.8.0_25\jre\classes"/>
    <property name="sun.stderr.encoding" value="cp437"/>
    <property name="java.vendor" value="Oracle Corporation"/>
    <property name="maven.home" value="D:\Maven\apache-maven-3.5.0\bin\.."/>
    <property name="file.separator" value="\"/>
    <property name="java.vendor.url.bug" value="http://bugreport.sun.com/bugreport/"/>
    <property name="sun.cpu.endian" value="little"/>
    <property name="sun.io.unicode.encoding" value="UnicodeLittle"/>
    <property name="sun.stdout.encoding" value="cp437"/>
    <property name="sun.desktop" value="windows"/>
    <property name="sun.cpu.isalist" value="amd64"/>
  </properties>
  <testcase classname="com.iota.iri.controllers.TransactionViewModelTest" name="getApprovers" time="0.047"/>
  <testcase classname="com.iota.iri.controllers.TransactionViewModelTest" name="getTrunkTransaction" time="0"/>
  <testcase classname="com.iota.iri.controllers.TransactionViewModelTest" name="getTag" time="0"/>
  <testcase classname="com.iota.iri.controllers.TransactionViewModelTest" name="fromHash" time="0"/>
  <testcase classname="com.iota.iri.controllers.TransactionViewModelTest" name="getCurrentIndex" time="0"/>
  <testcase classname="com.iota.iri.controllers.TransactionViewModelTest" name="getArrivalTime" time="0"/>
  <testcase classname="com.iota.iri.controllers.TransactionViewModelTest" name="fromAddress" time="0"/>
  <testcase classname="com.iota.iri.controllers.TransactionViewModelTest" name="updateHeightShouldWork" time="0"/>
  <testcase classname="com.iota.iri.controllers.TransactionViewModelTest" name="update" time="0"/>
  <testcase classname="com.iota.iri.controllers.TransactionViewModelTest" name="updateHeightPrefilledSlotShouldFail" time="0"/>
  <testcase classname="com.iota.iri.controllers.TransactionViewModelTest" name="updateApprovers" time="0"/>
  <testcase classname="com.iota.iri.controllers.TransactionViewModelTest" name="fromTag" time="0"/>
  <testcase classname="com.iota.iri.controllers.TransactionViewModelTest" name="mightExist" time="0"/>
  <testcase classname="com.iota.iri.controllers.TransactionViewModelTest" name="updateReceivedTransactionCount" time="0"/>
  <testcase classname="com.iota.iri.controllers.TransactionViewModelTest" name="updateTips" time="0"/>
  <testcase classname="com.iota.iri.controllers.TransactionViewModelTest" name="update1" time="0"/>
  <testcase classname="com.iota.iri.controllers.TransactionViewModelTest" name="approversFromHash" time="0"/>
  <testcase classname="com.iota.iri.controllers.TransactionViewModelTest" name="getAddress" time="0"/>
  <testcase classname="com.iota.iri.controllers.TransactionViewModelTest" name="getHash" time="0"/>
  <testcase classname="com.iota.iri.controllers.TransactionViewModelTest" name="getType" time="0"/>
  <testcase classname="com.iota.iri.controllers.TransactionViewModelTest" name="dump" time="0"/>
  <testcase classname="com.iota.iri.controllers.TransactionViewModelTest" name="getBranchTransaction" time="0"/>
  <testcase classname="com.iota.iri.controllers.TransactionViewModelTest" name="fromHash1" time="0"/>
  <testcase classname="com.iota.iri.controllers.TransactionViewModelTest" name="store" time="0"/>
  <testcase classname="com.iota.iri.controllers.TransactionViewModelTest" name="trits" time="0"/>
  <testcase classname="com.iota.iri.controllers.TransactionViewModelTest" name="value" time="0"/>
  <testcase classname="com.iota.iri.controllers.TransactionViewModelTest" name="getTrunkTransactionHash" time="0"/>
  <testcase classname="com.iota.iri.controllers.TransactionViewModelTest" name="getBundleTransactions" time="0"/>
  <testcase classname="com.iota.iri.controllers.TransactionViewModelTest" name="setValidity" time="0"/>
  <testcase classname="com.iota.iri.controllers.TransactionViewModelTest" name="getValidity" time="0"/>
  <testcase classname="com.iota.iri.controllers.TransactionViewModelTest" name="setAnalyzed" time="0"/>
  <testcase classname="com.iota.iri.controllers.TransactionViewModelTest" name="getTransactionAnalyzedFlag" time="0"/>
  <testcase classname="com.iota.iri.controllers.TransactionViewModelTest" name="getBundleHash" time="0"/>
  <testcase classname="com.iota.iri.controllers.TransactionViewModelTest" name="getBranchTransactionHash" time="0"/>
  <testcase classname="com.iota.iri.controllers.TransactionViewModelTest" name="hashesFromQuery" time="0"/>
  <testcase classname="com.iota.iri.controllers.TransactionViewModelTest" name="setArrivalTime" time="0"/>
  <testcase classname="com.iota.iri.controllers.TransactionViewModelTest" name="findShouldReturnNull" time="0"/>
  <testcase classname="com.iota.iri.controllers.TransactionViewModelTest" name="fromBundle" time="0"/>
  <testcase classname="com.iota.iri.controllers.TransactionViewModelTest" name="getBytes" time="0"/>
  <testcase classname="com.iota.iri.controllers.TransactionViewModelTest" name="getValue" time="0"/>
  <testcase classname="com.iota.iri.controllers.TransactionViewModelTest" name="getLastIndex" time="0"/>
  <testcase classname="com.iota.iri.controllers.TransactionViewModelTest" name="findShouldBeSuccessful" time="0.022"/>
</testsuite>